2013-05-27 17:26:11 [INFO] Starting minecraft server version 1.5.2
2013-05-27 17:26:11 [INFO] Loading properties
2013-05-27 17:26:11 [WARNING] server.properties does not exist
2013-05-27 17:26:11 [INFO] Generating new properties file
2013-05-27 17:26:11 [INFO] Default game type: SURVIVAL
2013-05-27 17:26:11 [INFO] Generating keypair
2013-05-27 17:26:12 [INFO] Starting Minecraft server on *:25565
2013-05-27 17:26:12 [INFO] This server is running CraftBukkit version git-Bukkit-1.5.2-R0.1-1-g53734d2-b2778jnks (MC: 1.5.2) (Implementing API version 1.5.2-R0.2-SNAPSHOT)
2013-05-27 17:26:12 [WARNING] Failed to load operators list: java.io.FileNotFoundException: ./ops.txt (No such file or directory)
2013-05-27 17:26:12 [WARNING] Failed to load white-list: java.io.FileNotFoundException: ./white-list.txt (No such file or directory)
2013-05-27 17:26:12 [INFO] Preparing level "world"
2013-05-27 17:26:12 [INFO] ----- Bukkit Auto Updater -----
2013-05-27 17:26:12 [INFO] It appears that you're running a Development Build, when you've specified in bukkit.yml that you prefer to run Recommended Builds.
2013-05-27 17:26:12 [INFO] If you would like to be kept informed about new Development Build releases, it is recommended that you change 'preferred-channel' in your bukkit.yml to 'dev'.
2013-05-27 17:26:12 [INFO] With that set, you will be told whenever a new version is available for download, so that you can always keep up to date and secure with the latest fixes.
2013-05-27 17:26:12 [INFO] If you would like to disable this warning, simply set 'suggest-channels' to false in bukkit.yml.
2013-05-27 17:26:12 [INFO] ----- ------------------- -----
2013-05-27 17:26:13 [INFO] Preparing start region for level 0 (Seed: -2359340780397796701)
2013-05-27 17:26:14 [INFO] Preparing spawn area: 4%
2013-05-27 17:26:15 [INFO] Preparing spawn area: 8%
2013-05-27 17:26:16 [INFO] Preparing spawn area: 20%
2013-05-27 17:26:17 [INFO] Preparing spawn area: 29%
2013-05-27 17:26:18 [INFO] Preparing spawn area: 45%
2013-05-27 17:26:19 [INFO] Preparing spawn area: 50%
2013-05-27 17:26:20 [INFO] Preparing spawn area: 62%
2013-05-27 17:26:21 [INFO] Preparing spawn area: 74%
2013-05-27 17:26:22 [INFO] Preparing spawn area: 82%
2013-05-27 17:26:23 [INFO] Preparing spawn area: 91%
2013-05-27 17:26:23 [INFO] Preparing start region for level 1 (Seed: -2359340780397796701)
2013-05-27 17:26:24 [INFO] Preparing spawn area: 0%
2013-05-27 17:26:25 [INFO] Preparing spawn area: 12%
2013-05-27 17:26:26 [INFO] Preparing spawn area: 33%
2013-05-27 17:26:27 [INFO] Preparing spawn area: 49%
2013-05-27 17:26:28 [INFO] Preparing spawn area: 62%
2013-05-27 17:26:29 [INFO] Preparing spawn area: 78%
2013-05-27 17:26:30 [INFO] Preparing spawn area: 99%
2013-05-27 17:26:30 [INFO] Preparing start region for level 2 (Seed: -2359340780397796701)
2013-05-27 17:26:31 [INFO] Preparing spawn area: 33%
2013-05-27 17:26:32 [INFO] Preparing spawn area: 70%
2013-05-27 17:26:33 [INFO] Preparing spawn area: 99%
2013-05-27 17:26:33 [INFO] Done (21,148s)! For help, type "help" or "?"
2013-05-27 17:26:37 [WARNING] Can't keep up! Did the system time change, or is the server overloaded?
2013-05-27 17:27:07 [INFO] Stopping server
2013-05-27 17:28:07 [INFO] Starting minecraft server version 1.5.2
2013-05-27 17:28:07 [INFO] Loading properties
2013-05-27 17:28:07 [INFO] Default game type: SURVIVAL
2013-05-27 17:28:07 [INFO] Generating keypair
2013-05-27 17:28:08 [INFO] Starting Minecraft server on *:25565
2013-05-27 17:28:08 [INFO] This server is running CraftBukkit version git-Bukkit-1.5.2-R0.1-1-g53734d2-b2778jnks (MC: 1.5.2) (Implementing API version 1.5.2-R0.2-SNAPSHOT)
2013-05-27 17:28:09 [INFO] [PermissionsEx] sql backend registered!
2013-05-27 17:28:09 [INFO] [PermissionsEx] file backend registered!
2013-05-27 17:28:09 [INFO] [PermissionsEx] PermissionEx plugin initialized.
2013-05-27 17:28:09 [INFO] [NoCheatPlus] Loading NoCheatPlus v3.9.2-RC-b520
2013-05-27 17:28:09 [INFO] [WorldEdit] Loading WorldEdit v5.5.6
2013-05-27 17:28:09 [INFO] [Vault] Loading Vault v1.2.25-b320
2013-05-27 17:28:09 [INFO] [Modifyworld] Loading Modifyworld v1.19.4
2013-05-27 17:28:09 [INFO] [PermissionsEx] Loading PermissionsEx v1.19.5
2013-05-27 17:28:09 [INFO] [PermissionsEx] Initializing file backend
2013-05-27 17:28:09 [INFO] [WorldGuard] Loading WorldGuard v5.7.4
2013-05-27 17:28:09 [INFO] [Essentials] Loading Essentials vPre2.11.1.6
2013-05-27 17:28:09 [INFO] [ChatManager] Loading ChatManager v1.19.1
2013-05-27 17:28:09 [INFO] [EssentialsProtect] Loading EssentialsProtect vPre2.11.1.6
2013-05-27 17:28:09 [INFO] [EssentialsSpawn] Loading EssentialsSpawn vPre2.11.1.6
2013-05-27 17:28:09 [INFO] [BOSEconomy] Loading BOSEconomy v0.7.3.1
2013-05-27 17:28:09 [INFO] [EssentialsChat] Loading EssentialsChat vPre2.11.1.6
2013-05-27 17:28:09 [INFO] [EssentialsAntiBuild] Loading EssentialsAntiBuild vPre2.11.1.6
2013-05-27 17:28:09 [INFO] [Vault] Enabling Vault v1.2.25-b320
2013-05-27 17:28:09 [INFO] ----- Bukkit Auto Updater -----
2013-05-27 17:28:09 [INFO] It appears that you're running a Development Build, when you've specified in bukkit.yml that you prefer to run Recommended Builds.
2013-05-27 17:28:09 [INFO] If you would like to be kept informed about new Development Build releases, it is recommended that you change 'preferred-channel' in your bukkit.yml to 'dev'.
2013-05-27 17:28:09 [INFO] With that set, you will be told whenever a new version is available for download, so that you can always keep up to date and secure with the latest fixes.
2013-05-27 17:28:09 [INFO] If you would like to disable this warning, simply set 'suggest-channels' to false in bukkit.yml.
2013-05-27 17:28:09 [INFO] ----- ------------------- -----
2013-05-27 17:28:09 [INFO] [Vault][Economy] BOSEconomy7 found: Waiting
2013-05-27 17:28:09 [INFO] [Vault][Economy] Essentials Economy found: Waiting
2013-05-27 17:28:09 [INFO] [Vault][Permission] PermissionsEx found: Waiting
2013-05-27 17:28:09 [INFO] [Vault][Permission] SuperPermissions loaded as backup permission system.
2013-05-27 17:28:09 [INFO] [Vault][Chat] PermissionsEx found: Waiting
2013-05-27 17:28:09 [INFO] [Vault] Enabled Version 1.2.25-b320
2013-05-27 17:28:09 [INFO] [Vault][Economy] BOSEconomy hooked.
2013-05-27 17:28:09 [INFO] [Vault][Economy] Essentials Economy hooked.
2013-05-27 17:28:09 [INFO] [Vault][Permission] PermissionsEx hooked.
2013-05-27 17:28:09 [INFO] Preparing level "world"
2013-05-27 17:28:09 [INFO] Preparing start region for level 0 (Seed: -2359340780397796701)
2013-05-27 17:28:10 [INFO] Preparing spawn area: 87%
2013-05-27 17:28:11 [INFO] Preparing start region for level 1 (Seed: -2359340780397796701)
2013-05-27 17:28:11 [INFO] Preparing spawn area: 95%
2013-05-27 17:28:11 [INFO] Preparing start region for level 2 (Seed: -2359340780397796701)
2013-05-27 17:28:12 [INFO] [NoCheatPlus] Enabling NoCheatPlus v3.9.2-RC-b520
2013-05-27 17:28:12 [INFO] [NoCheatPlus] McAccess set to: 1.5.2 / CB2763-DEV
2013-05-27 17:28:12 [INFO] [NoCheatPlus] Added block-info for Minecraft 1.5 blocks.
2013-05-27 17:28:12 [INFO] [NoCheatPlus] Inventory checks: FastConsume is available, disabled InstantEat.
2013-05-27 17:28:12 [INFO] [NoCheatPlus] Version 3.9.2-RC-b520 is enabled.
2013-05-27 17:28:12 [INFO] [WorldEdit] Enabling WorldEdit v5.5.6
2013-05-27 17:28:12 [INFO] [WorldEdit] Default configuration file written: config.yml
2013-05-27 17:28:12 [INFO] WEPIF: Updated config file
2013-05-27 17:28:13 [INFO] WEPIF: Using the Bukkit Permissions API.
2013-05-27 17:28:13 [INFO] [Modifyworld] Enabling Modifyworld v1.19.4
2013-05-27 17:28:13 [SEVERE] [Modifyworld] Configuration file not found - deploying default one
2013-05-27 17:28:13 [INFO] [Modifyworld] Modifyworld enabled!
2013-05-27 17:28:13 [INFO] [PermissionsEx] Enabling PermissionsEx v1.19.5
2013-05-27 17:28:13 [INFO] [PermissionsEx] Superperms support enabled.
2013-05-27 17:28:13 [INFO] [PermissionsEx] v1.19.5 enabled
2013-05-27 17:28:13 [INFO] WEPIF: PermissionsEx detected! Using PermissionsEx for permissions.
2013-05-27 17:28:13 [INFO] [Vault][Chat] PermissionsEx_Chat hooked.
2013-05-27 17:28:13 [INFO] [WorldGuard] Enabling WorldGuard v5.7.4
2013-05-27 17:28:13 [INFO] [WorldGuard] Default configuration file written: /Users/ucatchit/Desktop/bukkit/serveur/serveur/plugins/WorldGuard/config.yml
2013-05-27 17:28:13 [INFO] [WorldGuard] Default configuration file written: /Users/ucatchit/Desktop/bukkit/serveur/serveur/plugins/WorldGuard/worlds/world/config.yml
2013-05-27 17:28:13 [INFO] [WorldGuard] Default configuration file written: /Users/ucatchit/Desktop/bukkit/serveur/serveur/plugins/WorldGuard/worlds/world/blacklist.txt
2013-05-27 17:28:13 [INFO] [WorldGuard] (world) TNT ignition is PERMITTED.
2013-05-27 17:28:13 [INFO] [WorldGuard] (world) Lighters are PERMITTED.
2013-05-27 17:28:13 [INFO] [WorldGuard] (world) Lava fire is blocked.
2013-05-27 17:28:13 [INFO] [WorldGuard] (world) Fire spread is UNRESTRICTED.
2013-05-27 17:28:13 [INFO] [WorldGuard] Loaded configuration for world 'world'
2013-05-27 17:28:13 [INFO] [WorldGuard] Default configuration file written: /Users/ucatchit/Desktop/bukkit/serveur/serveur/plugins/WorldGuard/worlds/world_nether/config.yml
2013-05-27 17:28:13 [INFO] [WorldGuard] Default configuration file written: /Users/ucatchit/Desktop/bukkit/serveur/serveur/plugins/WorldGuard/worlds/world_nether/blacklist.txt
2013-05-27 17:28:13 [INFO] [WorldGuard] (world_nether) TNT ignition is PERMITTED.
2013-05-27 17:28:13 [INFO] [WorldGuard] (world_nether) Lighters are PERMITTED.
2013-05-27 17:28:13 [INFO] [WorldGuard] (world_nether) Lava fire is blocked.
2013-05-27 17:28:13 [INFO] [WorldGuard] (world_nether) Fire spread is UNRESTRICTED.
2013-05-27 17:28:13 [INFO] [WorldGuard] Loaded configuration for world 'world_nether'
2013-05-27 17:28:13 [INFO] [WorldGuard] Default configuration file written: /Users/ucatchit/Desktop/bukkit/serveur/serveur/plugins/WorldGuard/worlds/world_the_end/config.yml
2013-05-27 17:28:13 [INFO] [WorldGuard] Default configuration file written: /Users/ucatchit/Desktop/bukkit/serveur/serveur/plugins/WorldGuard/worlds/world_the_end/blacklist.txt
2013-05-27 17:28:13 [INFO] [WorldGuard] (world_the_end) TNT ignition is PERMITTED.
2013-05-27 17:28:13 [INFO] [WorldGuard] (world_the_end) Lighters are PERMITTED.
2013-05-27 17:28:13 [INFO] [WorldGuard] (world_the_end) Lava fire is blocked.
2013-05-27 17:28:13 [INFO] [WorldGuard] (world_the_end) Fire spread is UNRESTRICTED.
2013-05-27 17:28:13 [INFO] [WorldGuard] Loaded configuration for world 'world_the_end'
2013-05-27 17:28:13 [INFO] [WorldGuard] 0 regions loaded for 'world'
2013-05-27 17:28:13 [INFO] [WorldGuard] 0 regions loaded for 'world_nether'
2013-05-27 17:28:13 [INFO] [WorldGuard] 0 regions loaded for 'world_the_end'
2013-05-27 17:28:13 [INFO] [Essentials] Enabling Essentials vPre2.11.1.6
2013-05-27 17:28:14 [INFO] Création de la configuration à partir du modèle : /Users/ucatchit/Desktop/bukkit/serveur/serveur/plugins/Essentials/config.yml
2013-05-27 17:28:14 [INFO] Création d'une configuration vierge : /Users/ucatchit/Desktop/bukkit/serveur/serveur/plugins/Essentials/upgrades-done.yml
2013-05-27 17:28:14 [INFO] Création de la configuration à partir du modèle : /Users/ucatchit/Desktop/bukkit/serveur/serveur/plugins/Essentials/worth.yml
2013-05-27 17:28:15 [INFO] [Essentials] This plugin collects minimal statistic data and sends it to http://metrics.essentials3.net.
2013-05-27 17:28:15 [INFO] [Essentials] You can opt out by running /essentials opt-out
2013-05-27 17:28:15 [INFO] [Essentials] This will start 5 minutes after the first admin/op joins.
2013-05-27 17:28:15 [INFO] Essentials: Using PermissionsEx based permissions.
2013-05-27 17:28:15 [INFO] [Essentials] Payment method found (Vault - Economy: BOSEconomy version: 1.2.25-b320)
2013-05-27 17:28:15 [INFO] [ChatManager] Enabling ChatManager v1.19.1
2013-05-27 17:28:15 [INFO] [ChatManager] ChatManager disabled. Check config.yml!
2013-05-27 17:28:15 [INFO] [ChatManager] Disabling ChatManager v1.19.1
2013-05-27 17:28:15 [INFO] [ChatManager] ChatManager disabled!
2013-05-27 17:28:15 [INFO] [EssentialsProtect] Enabling EssentialsProtect vPre2.11.1.6
2013-05-27 17:28:15 [INFO] [EssentialsSpawn] Enabling EssentialsSpawn vPre2.11.1.6
2013-05-27 17:28:15 [INFO] [BOSEconomy] Enabling BOSEconomy v0.7.3.1
2013-05-27 17:28:15 [INFO] BOSEconomy: Automatically created the default bracket 'default'.
2013-05-27 17:28:15 [INFO] BOSEconomy v0.7.3.1 enabled.
2013-05-27 17:28:16 [INFO] [EssentialsChat] Enabling EssentialsChat vPre2.11.1.6
2013-05-27 17:28:16 [INFO] [EssentialsAntiBuild] Enabling EssentialsAntiBuild vPre2.11.1.6
2013-05-27 17:28:16 [INFO] Server permissions file permissions.yml is empty, ignoring it
2013-05-27 17:28:16 [INFO] Done (7,138s)! For help, type "help" or "?"
2013-05-27 17:35:53 [INFO] Starting minecraft server version 1.5.2
2013-05-27 17:35:53 [INFO] Loading properties
2013-05-27 17:35:53 [INFO] Default game type: SURVIVAL
2013-05-27 17:35:53 [INFO] Generating keypair
2013-05-27 17:35:53 [INFO] Starting Minecraft server on *:25565
2013-05-27 17:35:54 [INFO] This server is running CraftBukkit version git-Bukkit-1.5.2-R0.1-1-g53734d2-b2778jnks (MC: 1.5.2) (Implementing API version 1.5.2-R0.2-SNAPSHOT)
2013-05-27 17:35:54 [INFO] [PermissionsEx] sql backend registered!
2013-05-27 17:35:54 [INFO] [PermissionsEx] file backend registered!
2013-05-27 17:35:54 [INFO] [PermissionsEx] PermissionEx plugin initialized.
2013-05-27 17:35:54 [INFO] [Vault] Loading Vault v1.2.25-b320
2013-05-27 17:35:54 [INFO] [WorldEdit] Loading WorldEdit v5.5.6
2013-05-27 17:35:54 [INFO] [PermissionsEx] Loading PermissionsEx v1.19.5
2013-05-27 17:35:54 [INFO] [PermissionsEx] Initializing file backend
2013-05-27 17:35:54 [INFO] Permissions file successfully reloaded
2013-05-27 17:35:54 [INFO] [NoCheatPlus] Loading NoCheatPlus v3.9.2-RC-b520
2013-05-27 17:35:54 [INFO] [WorldGuard] Loading WorldGuard v5.7.4
2013-05-27 17:35:54 [INFO] [Essentials] Loading Essentials vPre2.11.1.6
2013-05-27 17:35:54 [INFO] [BOSEconomy] Loading BOSEconomy v0.7.3.1
2013-05-27 17:35:54 [INFO] [EssentialsChat] Loading EssentialsChat vPre2.11.1.6
2013-05-27 17:35:54 [INFO] [ChatManager] Loading ChatManager v1.19.1
2013-05-27 17:35:54 [INFO] [EssentialsProtect] Loading EssentialsProtect vPre2.11.1.6
2013-05-27 17:35:54 [INFO] [EssentialsSpawn] Loading EssentialsSpawn vPre2.11.1.6
2013-05-27 17:35:54 [INFO] [EssentialsAntiBuild] Loading EssentialsAntiBuild vPre2.11.1.6
2013-05-27 17:35:54 [INFO] [Vault] Enabling Vault v1.2.25-b320
2013-05-27 17:35:54 [INFO] [Vault][Economy] BOSEconomy7 found: Waiting
2013-05-27 17:35:54 [INFO] [Vault][Economy] Essentials Economy found: Waiting
2013-05-27 17:35:54 [INFO] [Vault][Permission] PermissionsEx found: Waiting
2013-05-27 17:35:54 [INFO] [Vault][Permission] SuperPermissions loaded as backup permission system.
2013-05-27 17:35:54 [INFO] [Vault][Chat] PermissionsEx found: Waiting
2013-05-27 17:35:54 [INFO] [Vault] Enabled Version 1.2.25-b320
2013-05-27 17:35:54 [INFO] [Vault][Economy] BOSEconomy hooked.
2013-05-27 17:35:54 [INFO] [Vault][Economy] Essentials Economy hooked.
2013-05-27 17:35:54 [INFO] [Vault][Permission] PermissionsEx hooked.
2013-05-27 17:35:55 [INFO] ----- Bukkit Auto Updater -----
2013-05-27 17:35:55 [INFO] It appears that you're running a Development Build, when you've specified in bukkit.yml that you prefer to run Recommended Builds.
2013-05-27 17:35:55 [INFO] If you would like to be kept informed about new Development Build releases, it is recommended that you change 'preferred-channel' in your bukkit.yml to 'dev'.
2013-05-27 17:35:55 [INFO] With that set, you will be told whenever a new version is available for download, so that you can always keep up to date and secure with the latest fixes.
2013-05-27 17:35:55 [INFO] If you would like to disable this warning, simply set 'suggest-channels' to false in bukkit.yml.
2013-05-27 17:35:55 [INFO] ----- ------------------- -----
2013-05-27 17:35:55 [INFO] Preparing level "world"
2013-05-27 17:35:55 [INFO] Preparing start region for level 0 (Seed: -2359340780397796701)
2013-05-27 17:35:56 [INFO] Preparing start region for level 1 (Seed: -2359340780397796701)
2013-05-27 17:35:56 [INFO] Preparing spawn area: 8%
2013-05-27 17:35:56 [INFO] Preparing start region for level 2 (Seed: -2359340780397796701)
2013-05-27 17:35:57 [INFO] [WorldEdit] Enabling WorldEdit v5.5.6
2013-05-27 17:35:57 [INFO] WEPIF: Using the Bukkit Permissions API.
2013-05-27 17:35:57 [INFO] [PermissionsEx] Enabling PermissionsEx v1.19.5
2013-05-27 17:35:57 [INFO] [PermissionsEx] Superperms support enabled.
2013-05-27 17:35:57 [INFO] [PermissionsEx] v1.19.5 enabled
2013-05-27 17:35:57 [INFO] WEPIF: PermissionsEx detected! Using PermissionsEx for permissions.
2013-05-27 17:35:57 [INFO] [Vault][Chat] PermissionsEx_Chat hooked.
2013-05-27 17:35:57 [INFO] [NoCheatPlus] Enabling NoCheatPlus v3.9.2-RC-b520
2013-05-27 17:35:57 [INFO] [NoCheatPlus] McAccess set to: 1.5.2 / CB2763-DEV
2013-05-27 17:35:57 [INFO] [NoCheatPlus] Added block-info for Minecraft 1.5 blocks.
2013-05-27 17:35:57 [INFO] [NoCheatPlus] Inventory checks: FastConsume is available, disabled InstantEat.
2013-05-27 17:35:57 [INFO] [NoCheatPlus] Version 3.9.2-RC-b520 is enabled.
2013-05-27 17:35:57 [INFO] [WorldGuard] Enabling WorldGuard v5.7.4
2013-05-27 17:35:58 [INFO] [WorldGuard] (world) TNT ignition is PERMITTED.
2013-05-27 17:35:58 [INFO] [WorldGuard] (world) Lighters are PERMITTED.
2013-05-27 17:35:58 [INFO] [WorldGuard] (world) Lava fire is blocked.
2013-05-27 17:35:58 [INFO] [WorldGuard] (world) Fire spread is UNRESTRICTED.
2013-05-27 17:35:58 [INFO] [WorldGuard] Loaded configuration for world 'world'
2013-05-27 17:35:58 [INFO] [WorldGuard] (world_nether) TNT ignition is PERMITTED.
2013-05-27 17:35:58 [INFO] [WorldGuard] (world_nether) Lighters are PERMITTED.
2013-05-27 17:35:58 [INFO] [WorldGuard] (world_nether) Lava fire is blocked.
2013-05-27 17:35:58 [INFO] [WorldGuard] (world_nether) Fire spread is UNRESTRICTED.
2013-05-27 17:35:58 [INFO] [WorldGuard] Loaded configuration for world 'world_nether'
2013-05-27 17:35:58 [INFO] [WorldGuard] (world_the_end) TNT ignition is PERMITTED.
2013-05-27 17:35:58 [INFO] [WorldGuard] (world_the_end) Lighters are PERMITTED.
2013-05-27 17:35:58 [INFO] [WorldGuard] (world_the_end) Lava fire is blocked.
2013-05-27 17:35:58 [INFO] [WorldGuard] (world_the_end) Fire spread is UNRESTRICTED.
2013-05-27 17:35:58 [INFO] [WorldGuard] Loaded configuration for world 'world_the_end'
2013-05-27 17:35:58 [INFO] [WorldGuard] 0 regions loaded for 'world'
2013-05-27 17:35:58 [INFO] [WorldGuard] 0 regions loaded for 'world_nether'
2013-05-27 17:35:58 [INFO] [WorldGuard] 0 regions loaded for 'world_the_end'
2013-05-27 17:35:58 [INFO] [Essentials] Enabling Essentials vPre2.11.1.6
2013-05-27 17:36:00 [INFO] Essentials: Using PermissionsEx based permissions.
2013-05-27 17:36:00 [INFO] [Essentials] Payment method found (Vault - Economy: BOSEconomy version: 1.2.25-b320)
2013-05-27 17:36:00 [INFO] [BOSEconomy] Enabling BOSEconomy v0.7.3.1
2013-05-27 17:36:00 [INFO] BOSEconomy v0.7.3.1 enabled.
2013-05-27 17:36:00 [INFO] [EssentialsChat] Enabling EssentialsChat vPre2.11.1.6
2013-05-27 17:36:00 [INFO] [ChatManager] Enabling ChatManager v1.19.1
2013-05-27 17:36:00 [INFO] [ChatManager] ChatManager disabled. Check config.yml!
2013-05-27 17:36:00 [INFO] [ChatManager] Disabling ChatManager v1.19.1
2013-05-27 17:36:00 [INFO] [ChatManager] ChatManager disabled!
2013-05-27 17:36:00 [INFO] [EssentialsProtect] Enabling EssentialsProtect vPre2.11.1.6
2013-05-27 17:36:00 [INFO] [EssentialsSpawn] Enabling EssentialsSpawn vPre2.11.1.6
2013-05-27 17:36:00 [INFO] [EssentialsAntiBuild] Enabling EssentialsAntiBuild vPre2.11.1.6
2013-05-27 17:36:00 [INFO] Server permissions file permissions.yml is empty, ignoring it
2013-05-27 17:36:01 [INFO] Done (6,014s)! For help, type "help" or "?"
2013-05-27 17:37:46 [INFO] Starting minecraft server version 1.5.2
2013-05-27 17:37:46 [INFO] Loading properties
2013-05-27 17:37:46 [INFO] Default game type: SURVIVAL
2013-05-27 17:37:46 [INFO] Generating keypair
2013-05-27 17:37:47 [INFO] Starting Minecraft server on *:25565
2013-05-27 17:37:47 [INFO] This server is running CraftBukkit version git-Bukkit-1.5.2-R0.1-1-g53734d2-b2778jnks (MC: 1.5.2) (Implementing API version 1.5.2-R0.2-SNAPSHOT)
2013-05-27 17:37:47 [INFO] [PermissionsEx] sql backend registered!
2013-05-27 17:37:47 [INFO] [PermissionsEx] file backend registered!
2013-05-27 17:37:47 [INFO] [PermissionsEx] PermissionEx plugin initialized.
2013-05-27 17:37:47 [INFO] ----- Bukkit Auto Updater -----
2013-05-27 17:37:47 [INFO] It appears that you're running a Development Build, when you've specified in bukkit.yml that you prefer to run Recommended Builds.
2013-05-27 17:37:47 [INFO] If you would like to be kept informed about new Development Build releases, it is recommended that you change 'preferred-channel' in your bukkit.yml to 'dev'.
2013-05-27 17:37:47 [INFO] With that set, you will be told whenever a new version is available for download, so that you can always keep up to date and secure with the latest fixes.
2013-05-27 17:37:47 [INFO] If you would like to disable this warning, simply set 'suggest-channels' to false in bukkit.yml.
2013-05-27 17:37:47 [INFO] ----- ------------------- -----
2013-05-27 17:37:48 [INFO] [Vault] Loading Vault v1.2.25-b320
2013-05-27 17:37:48 [INFO] [WorldEdit] Loading WorldEdit v5.5.6
2013-05-27 17:37:48 [INFO] [PermissionsEx] Loading PermissionsEx v1.19.5
2013-05-27 17:37:48 [INFO] [PermissionsEx] Initializing file backend
2013-05-27 17:37:48 [INFO] Permissions file successfully reloaded
2013-05-27 17:37:48 [INFO] [NoCheatPlus] Loading NoCheatPlus v3.9.2-RC-b520
2013-05-27 17:37:48 [INFO] [WorldGuard] Loading WorldGuard v5.7.4
2013-05-27 17:37:48 [INFO] [Essentials] Loading Essentials vPre2.11.1.6
2013-05-27 17:37:48 [INFO] [BOSEconomy] Loading BOSEconomy v0.7.3.1
2013-05-27 17:37:48 [INFO] [EssentialsChat] Loading EssentialsChat vPre2.11.1.6
2013-05-27 17:37:48 [INFO] [ChatManager] Loading ChatManager v1.19.1
2013-05-27 17:37:48 [INFO] [EssentialsProtect] Loading EssentialsProtect vPre2.11.1.6
2013-05-27 17:37:48 [INFO] [EssentialsSpawn] Loading EssentialsSpawn vPre2.11.1.6
2013-05-27 17:37:48 [INFO] [EssentialsAntiBuild] Loading EssentialsAntiBuild vPre2.11.1.6
2013-05-27 17:37:48 [INFO] [Vault] Enabling Vault v1.2.25-b320
2013-05-27 17:37:48 [INFO] [Vault][Economy] BOSEconomy7 found: Waiting
2013-05-27 17:37:48 [INFO] [Vault][Economy] Essentials Economy found: Waiting
2013-05-27 17:37:48 [INFO] [Vault][Permission] PermissionsEx found: Waiting
2013-05-27 17:37:48 [INFO] [Vault][Permission] SuperPermissions loaded as backup permission system.
2013-05-27 17:37:48 [INFO] [Vault][Chat] PermissionsEx found: Waiting
2013-05-27 17:37:48 [INFO] [Vault] Enabled Version 1.2.25-b320
2013-05-27 17:37:48 [INFO] [Vault][Economy] BOSEconomy hooked.
2013-05-27 17:37:48 [INFO] [Vault][Economy] Essentials Economy hooked.
2013-05-27 17:37:48 [INFO] [Vault][Permission] PermissionsEx hooked.
2013-05-27 17:37:48 [INFO] Preparing level "world"
2013-05-27 17:37:48 [INFO] Preparing start region for level 0 (Seed: -2359340780397796701)
2013-05-27 17:37:49 [INFO] Preparing start region for level 1 (Seed: -2359340780397796701)
2013-05-27 17:37:49 [INFO] Preparing spawn area: 4%
2013-05-27 17:37:50 [INFO] Preparing start region for level 2 (Seed: -2359340780397796701)
2013-05-27 17:37:50 [INFO] Preparing spawn area: 54%
2013-05-27 17:37:50 [INFO] [WorldEdit] Enabling WorldEdit v5.5.6
2013-05-27 17:37:50 [INFO] WEPIF: Using the Bukkit Permissions API.
2013-05-27 17:37:50 [INFO] [PermissionsEx] Enabling PermissionsEx v1.19.5
2013-05-27 17:37:51 [INFO] [PermissionsEx] Superperms support enabled.
2013-05-27 17:37:51 [INFO] [PermissionsEx] v1.19.5 enabled
2013-05-27 17:37:51 [INFO] WEPIF: PermissionsEx detected! Using PermissionsEx for permissions.
2013-05-27 17:37:51 [INFO] [Vault][Chat] PermissionsEx_Chat hooked.
2013-05-27 17:37:51 [INFO] [NoCheatPlus] Enabling NoCheatPlus v3.9.2-RC-b520
2013-05-27 17:37:51 [INFO] [NoCheatPlus] McAccess set to: 1.5.2 / CB2763-DEV
2013-05-27 17:37:51 [INFO] [NoCheatPlus] Added block-info for Minecraft 1.5 blocks.
2013-05-27 17:37:51 [INFO] [NoCheatPlus] Inventory checks: FastConsume is available, disabled InstantEat.
2013-05-27 17:37:51 [INFO] [NoCheatPlus] Version 3.9.2-RC-b520 is enabled.
2013-05-27 17:37:51 [INFO] [WorldGuard] Enabling WorldGuard v5.7.4
2013-05-27 17:37:51 [INFO] [WorldGuard] (world) TNT ignition is PERMITTED.
2013-05-27 17:37:51 [INFO] [WorldGuard] (world) Lighters are PERMITTED.
2013-05-27 17:37:51 [INFO] [WorldGuard] (world) Lava fire is blocked.
2013-05-27 17:37:51 [INFO] [WorldGuard] (world) Fire spread is UNRESTRICTED.
2013-05-27 17:37:51 [INFO] [WorldGuard] Loaded configuration for world 'world'
2013-05-27 17:37:51 [INFO] [WorldGuard] (world_nether) TNT ignition is PERMITTED.
2013-05-27 17:37:51 [INFO] [WorldGuard] (world_nether) Lighters are PERMITTED.
2013-05-27 17:37:51 [INFO] [WorldGuard] (world_nether) Lava fire is blocked.
2013-05-27 17:37:51 [INFO] [WorldGuard] (world_nether) Fire spread is UNRESTRICTED.
2013-05-27 17:37:51 [INFO] [WorldGuard] Loaded configuration for world 'world_nether'
2013-05-27 17:37:51 [INFO] [WorldGuard] (world_the_end) TNT ignition is PERMITTED.
2013-05-27 17:37:51 [INFO] [WorldGuard] (world_the_end) Lighters are PERMITTED.
2013-05-27 17:37:51 [INFO] [WorldGuard] (world_the_end) Lava fire is blocked.
2013-05-27 17:37:51 [INFO] [WorldGuard] (world_the_end) Fire spread is UNRESTRICTED.
2013-05-27 17:37:51 [INFO] [WorldGuard] Loaded configuration for world 'world_the_end'
2013-05-27 17:37:51 [INFO] [WorldGuard] 0 regions loaded for 'world'
2013-05-27 17:37:51 [INFO] [WorldGuard] 0 regions loaded for 'world_nether'
2013-05-27 17:37:51 [INFO] [WorldGuard] 0 regions loaded for 'world_the_end'
2013-05-27 17:37:51 [INFO] [Essentials] Enabling Essentials vPre2.11.1.6
2013-05-27 17:37:54 [INFO] Essentials: Using PermissionsEx based permissions.
2013-05-27 17:37:54 [INFO] [Essentials] Payment method found (Vault - Economy: BOSEconomy version: 1.2.25-b320)
2013-05-27 17:37:54 [INFO] [BOSEconomy] Enabling BOSEconomy v0.7.3.1
2013-05-27 17:37:54 [INFO] BOSEconomy v0.7.3.1 enabled.
2013-05-27 17:37:54 [INFO] [EssentialsChat] Enabling EssentialsChat vPre2.11.1.6
2013-05-27 17:37:54 [INFO] [ChatManager] Enabling ChatManager v1.19.1
2013-05-27 17:37:54 [INFO] [ChatManager] ChatManager disabled. Check config.yml!
2013-05-27 17:37:54 [INFO] [ChatManager] Disabling ChatManager v1.19.1
2013-05-27 17:37:54 [INFO] [ChatManager] ChatManager disabled!
2013-05-27 17:37:54 [INFO] [EssentialsProtect] Enabling EssentialsProtect vPre2.11.1.6
2013-05-27 17:37:54 [INFO] [EssentialsSpawn] Enabling EssentialsSpawn vPre2.11.1.6
2013-05-27 17:37:54 [INFO] [EssentialsAntiBuild] Enabling EssentialsAntiBuild vPre2.11.1.6
2013-05-27 17:37:54 [INFO] Server permissions file permissions.yml is empty, ignoring it
2013-05-27 17:37:55 [INFO] Done (7,226s)! For help, type "help" or "?"
2013-05-27 17:39:01 [INFO] eyesofcreeper[/127.0.0.1:55583] logged in with entity id 152 at ([world] 227.5, 62.0, 169.5)
2013-05-27 17:39:02 [INFO] Création d'une configuration vierge : /Users/ucatchit/Desktop/bukkit/serveur/plugins/Essentials/userdata/eyesofcreeper.yml
2013-05-27 17:39:02 [WARNING] File motd.txt does not exist. Creating one for you.
2013-05-27 17:39:05 [WARNING] Can't keep up! Did the system time change, or is the server overloaded?
2013-05-27 17:39:14 [INFO] [WorldEdit] Using inbuilt NmsBlock for this version.
2013-05-27 17:40:00 [INFO] eyesofcreeper issued server command: /?$
2013-05-27 17:40:02 [INFO] eyesofcreeper issued server command: /?
2013-05-27 17:40:06 [INFO] eyesofcreeper issued server command: /? 2
2013-05-27 17:40:24 [INFO] eyesofcreeper blew up
2013-05-27 17:40:31 [INFO] eyesofcreeper lost connection: disconnect.endOfStream
2013-05-27 17:40:46 [INFO] Unknown command. Type "help" for help.[m
2013-05-27 17:40:49 [INFO] Seed: -2359340780397796701[m
2013-05-27 17:40:53 [SEVERE] null
java.io.IOException: Input/output error
	at java.io.FileInputStream.readBytes(Native Method)
	at java.io.FileInputStream.read(FileInputStream.java:220)
	at java.io.BufferedInputStream.fill(BufferedInputStream.java:218)
	at java.io.BufferedInputStream.read(BufferedInputStream.java:237)
	at java.io.FilterInputStream.read(FilterInputStream.java:66)
	at org.bukkit.craftbukkit.libs.jline.console.ConsoleReader$1.read(ConsoleReader.java:167)
	at org.bukkit.craftbukkit.libs.jline.internal.InputStreamReader.read(InputStreamReader.java:267)
	at org.bukkit.craftbukkit.libs.jline.internal.InputStreamReader.read(InputStreamReader.java:204)
	at org.bukkit.craftbukkit.libs.jline.console.ConsoleReader.readCharacter(ConsoleReader.java:995)
	at org.bukkit.craftbukkit.libs.jline.console.ConsoleReader.readLine(ConsoleReader.java:1167)
	at net.minecraft.server.v1_5_R3.ThreadCommandReader.run(ThreadCommandReader.java:31)
2013-05-27 17:40:53 [INFO] Stopping server
